mpiifort  -c -fPIC -J build -O3  -o build/mbd_interface.o mbd_interface.f90
mpiifort  -c -fPIC -J build -O3  -o build/mbd_helper.o mbd_helper.f90
f2py -c --build-dir build --fcompiler=intelem  \
	--f90exec=mpiifort  --f90flags="-O3 " --compiler=intelem  \
	build/mbd_interface.o build/mbd_helper.o -m mbd_scalapack -L/opt/apps/resif/devel/v1.1-20150414/core/software/numlib/imkl/11.2.3.187-iimpi-7.3.5/mkl/lib/intel64 -lmkl_scalapack_lp64 -lmkl_rt -lmkl_blacs_intelmpi_lp64 -liomp5 -lpthread -lm -ldl mbd_scalapack.f90
running build
running config_cc
unifing config_cc, config, build_clib, build_ext, build commands --compiler options
running config_fc
unifing config_fc, config, build_clib, build_ext, build commands --fcompiler options
running build_src
build_src
building extension "mbd_scalapack" sources
f2py options: []
f2py:> build/src.linux-x86_64-2.7/mbd_scalapackmodule.c
creating build/src.linux-x86_64-2.7
Reading fortran codes...
	Reading file 'mbd_scalapack.f90' (format:free)
Post-processing...
	Block: mbd_scalapack
			Block: mbd_scalapack
In: :mbd_scalapack:mbd_scalapack.f90:mbd_scalapack
get_useparameters: no module mbd_helper info used by mbd_scalapack
In: :mbd_scalapack:mbd_scalapack.f90:mbd_scalapack
get_useparameters: no module mbd_interface info used by mbd_scalapack
In: :mbd_scalapack:mbd_scalapack.f90:mbd_scalapack
get_useparameters: no module ifport info used by mbd_scalapack
				Block: operator
In: :mbd_scalapack:mbd_scalapack.f90:mbd_scalapack:operator
get_useparameters: no module mbd_helper info used by operator
In: :mbd_scalapack:mbd_scalapack.f90:mbd_scalapack:operator
get_useparameters: no module mbd_interface info used by operator
In: :mbd_scalapack:mbd_scalapack.f90:mbd_scalapack:operator
get_useparameters: no module ifport info used by operator
				Block: diag
In: :mbd_scalapack:mbd_scalapack.f90:mbd_scalapack:diag
get_useparameters: no module mbd_helper info used by diag
In: :mbd_scalapack:mbd_scalapack.f90:mbd_scalapack:diag
get_useparameters: no module mbd_interface info used by diag
In: :mbd_scalapack:mbd_scalapack.f90:mbd_scalapack:diag
get_useparameters: no module ifport info used by diag
				Block: invert
In: :mbd_scalapack:mbd_scalapack.f90:mbd_scalapack:invert
get_useparameters: no module mbd_helper info used by invert
In: :mbd_scalapack:mbd_scalapack.f90:mbd_scalapack:invert
get_useparameters: no module mbd_interface info used by invert
In: :mbd_scalapack:mbd_scalapack.f90:mbd_scalapack:invert
get_useparameters: no module ifport info used by invert
				Block: diagonalize
In: :mbd_scalapack:mbd_scalapack.f90:mbd_scalapack:diagonalize
get_useparameters: no module mbd_helper info used by diagonalize
In: :mbd_scalapack:mbd_scalapack.f90:mbd_scalapack:diagonalize
get_useparameters: no module mbd_interface info used by diagonalize
In: :mbd_scalapack:mbd_scalapack.f90:mbd_scalapack:diagonalize
get_useparameters: no module ifport info used by diagonalize
				Block: sdiagonalize
In: :mbd_scalapack:mbd_scalapack.f90:mbd_scalapack:sdiagonalize
get_useparameters: no module mbd_helper info used by sdiagonalize
In: :mbd_scalapack:mbd_scalapack.f90:mbd_scalapack:sdiagonalize
get_useparameters: no module mbd_interface info used by sdiagonalize
In: :mbd_scalapack:mbd_scalapack.f90:mbd_scalapack:sdiagonalize
get_useparameters: no module ifport info used by sdiagonalize
				Block: diagonalized
In: :mbd_scalapack:mbd_scalapack.f90:mbd_scalapack:diagonalized
get_useparameters: no module mbd_helper info used by diagonalized
In: :mbd_scalapack:mbd_scalapack.f90:mbd_scalapack:diagonalized
get_useparameters: no module mbd_interface info used by diagonalized
In: :mbd_scalapack:mbd_scalapack.f90:mbd_scalapack:diagonalized
get_useparameters: no module ifport info used by diagonalized
				Block: sdiagonalized
In: :mbd_scalapack:mbd_scalapack.f90:mbd_scalapack:sdiagonalized
get_useparameters: no module mbd_helper info used by sdiagonalized
In: :mbd_scalapack:mbd_scalapack.f90:mbd_scalapack:sdiagonalized
get_useparameters: no module mbd_interface info used by sdiagonalized
In: :mbd_scalapack:mbd_scalapack.f90:mbd_scalapack:sdiagonalized
get_useparameters: no module ifport info used by sdiagonalized
				Block: tostr
In: :mbd_scalapack:mbd_scalapack.f90:mbd_scalapack:tostr
get_useparameters: no module mbd_helper info used by tostr
In: :mbd_scalapack:mbd_scalapack.f90:mbd_scalapack:tostr
get_useparameters: no module mbd_interface info used by tostr
In: :mbd_scalapack:mbd_scalapack.f90:mbd_scalapack:tostr
get_useparameters: no module ifport info used by tostr
				Block: get_ts_energy
In: :mbd_scalapack:mbd_scalapack.f90:mbd_scalapack:get_ts_energy
get_useparameters: no module mbd_helper info used by get_ts_energy
In: :mbd_scalapack:mbd_scalapack.f90:mbd_scalapack:get_ts_energy
get_useparameters: no module mbd_interface info used by get_ts_energy
In: :mbd_scalapack:mbd_scalapack.f90:mbd_scalapack:get_ts_energy
get_useparameters: no module ifport info used by get_ts_energy
				Block: add_dipole_matrix
In: :mbd_scalapack:mbd_scalapack.f90:mbd_scalapack:add_dipole_matrix
get_useparameters: no module mbd_helper info used by add_dipole_matrix
In: :mbd_scalapack:mbd_scalapack.f90:mbd_scalapack:add_dipole_matrix
get_useparameters: no module mbd_interface info used by add_dipole_matrix
In: :mbd_scalapack:mbd_scalapack.f90:mbd_scalapack:add_dipole_matrix
get_useparameters: no module ifport info used by add_dipole_matrix
				Block: add_ewald_dipole_parts
In: :mbd_scalapack:mbd_scalapack.f90:mbd_scalapack:add_ewald_dipole_parts
get_useparameters: no module mbd_helper info used by add_ewald_dipole_parts
In: :mbd_scalapack:mbd_scalapack.f90:mbd_scalapack:add_ewald_dipole_parts
get_useparameters: no module mbd_interface info used by add_ewald_dipole_parts
In: :mbd_scalapack:mbd_scalapack.f90:mbd_scalapack:add_ewald_dipole_parts
get_useparameters: no module ifport info used by add_ewald_dipole_parts
				Block: init_grid
In: :mbd_scalapack:mbd_scalapack.f90:mbd_scalapack:init_grid
get_useparameters: no module mbd_helper info used by init_grid
In: :mbd_scalapack:mbd_scalapack.f90:mbd_scalapack:init_grid
get_useparameters: no module mbd_interface info used by init_grid
In: :mbd_scalapack:mbd_scalapack.f90:mbd_scalapack:init_grid
get_useparameters: no module ifport info used by init_grid
				Block: test_frequency_grid
In: :mbd_scalapack:mbd_scalapack.f90:mbd_scalapack:test_frequency_grid
get_useparameters: no module mbd_helper info used by test_frequency_grid
In: :mbd_scalapack:mbd_scalapack.f90:mbd_scalapack:test_frequency_grid
get_useparameters: no module mbd_interface info used by test_frequency_grid
In: :mbd_scalapack:mbd_scalapack.f90:mbd_scalapack:test_frequency_grid
get_useparameters: no module ifport info used by test_frequency_grid
In: :mbd_scalapack:mbd_scalapack.f90:mbd_scalapack:test_frequency_grid
	getarrlen:variable "n_grid_omega" undefined
				Block: get_omega_grid
In: :mbd_scalapack:mbd_scalapack.f90:mbd_scalapack:get_omega_grid
get_useparameters: no module mbd_helper info used by get_omega_grid
In: :mbd_scalapack:mbd_scalapack.f90:mbd_scalapack:get_omega_grid
get_useparameters: no module mbd_interface info used by get_omega_grid
In: :mbd_scalapack:mbd_scalapack.f90:mbd_scalapack:get_omega_grid
get_useparameters: no module ifport info used by get_omega_grid
				Block: gauss_legendre
In: :mbd_scalapack:mbd_scalapack.f90:mbd_scalapack:gauss_legendre
get_useparameters: no module mbd_helper info used by gauss_legendre
In: :mbd_scalapack:mbd_scalapack.f90:mbd_scalapack:gauss_legendre
get_useparameters: no module mbd_interface info used by gauss_legendre
In: :mbd_scalapack:mbd_scalapack.f90:mbd_scalapack:gauss_legendre
get_useparameters: no module ifport info used by gauss_legendre
In: :mbd_scalapack:mbd_scalapack.f90:mbd_scalapack:gauss_legendre
get_parameters: got "name 'legendre' is not defined" on 'legendre'
				Block: destroy_grid
In: :mbd_scalapack:mbd_scalapack.f90:mbd_scalapack:destroy_grid
get_useparameters: no module mbd_helper info used by destroy_grid
In: :mbd_scalapack:mbd_scalapack.f90:mbd_scalapack:destroy_grid
get_useparameters: no module mbd_interface info used by destroy_grid
In: :mbd_scalapack:mbd_scalapack.f90:mbd_scalapack:destroy_grid
get_useparameters: no module ifport info used by destroy_grid
				Block: run_scs
In: :mbd_scalapack:mbd_scalapack.f90:mbd_scalapack:run_scs
get_useparameters: no module mbd_helper info used by run_scs
In: :mbd_scalapack:mbd_scalapack.f90:mbd_scalapack:run_scs
get_useparameters: no module mbd_interface info used by run_scs
In: :mbd_scalapack:mbd_scalapack.f90:mbd_scalapack:run_scs
get_useparameters: no module ifport info used by run_scs
				Block: do_scs
In: :mbd_scalapack:mbd_scalapack.f90:mbd_scalapack:do_scs
get_useparameters: no module mbd_helper info used by do_scs
In: :mbd_scalapack:mbd_scalapack.f90:mbd_scalapack:do_scs
get_useparameters: no module mbd_interface info used by do_scs
In: :mbd_scalapack:mbd_scalapack.f90:mbd_scalapack:do_scs
get_useparameters: no module ifport info used by do_scs
				Block: do_scs_k_point
In: :mbd_scalapack:mbd_scalapack.f90:mbd_scalapack:do_scs_k_point
get_useparameters: no module mbd_helper info used by do_scs_k_point
In: :mbd_scalapack:mbd_scalapack.f90:mbd_scalapack:do_scs_k_point
get_useparameters: no module mbd_interface info used by do_scs_k_point
In: :mbd_scalapack:mbd_scalapack.f90:mbd_scalapack:do_scs_k_point
get_useparameters: no module ifport info used by do_scs_k_point
				Block: get_mbd_energy
In: :mbd_scalapack:mbd_scalapack.f90:mbd_scalapack:get_mbd_energy
get_useparameters: no module mbd_helper info used by get_mbd_energy
In: :mbd_scalapack:mbd_scalapack.f90:mbd_scalapack:get_mbd_energy
get_useparameters: no module mbd_interface info used by get_mbd_energy
In: :mbd_scalapack:mbd_scalapack.f90:mbd_scalapack:get_mbd_energy
get_useparameters: no module ifport info used by get_mbd_energy
				Block: get_supercell_mbd_energy
In: :mbd_scalapack:mbd_scalapack.f90:mbd_scalapack:get_supercell_mbd_energy
get_useparameters: no module mbd_helper info used by get_supercell_mbd_energy
In: :mbd_scalapack:mbd_scalapack.f90:mbd_scalapack:get_supercell_mbd_energy
get_useparameters: no module mbd_interface info used by get_supercell_mbd_energy
In: :mbd_scalapack:mbd_scalapack.f90:mbd_scalapack:get_supercell_mbd_energy
get_useparameters: no module ifport info used by get_supercell_mbd_energy
				Block: get_single_mbd_energy
In: :mbd_scalapack:mbd_scalapack.f90:mbd_scalapack:get_single_mbd_energy
get_useparameters: no module mbd_helper info used by get_single_mbd_energy
In: :mbd_scalapack:mbd_scalapack.f90:mbd_scalapack:get_single_mbd_energy
get_useparameters: no module mbd_interface info used by get_single_mbd_energy
In: :mbd_scalapack:mbd_scalapack.f90:mbd_scalapack:get_single_mbd_energy
get_useparameters: no module ifport info used by get_single_mbd_energy
				Block: get_reciprocal_mbd_energy
In: :mbd_scalapack:mbd_scalapack.f90:mbd_scalapack:get_reciprocal_mbd_energy
get_useparameters: no module mbd_helper info used by get_reciprocal_mbd_energy
In: :mbd_scalapack:mbd_scalapack.f90:mbd_scalapack:get_reciprocal_mbd_energy
get_useparameters: no module mbd_interface info used by get_reciprocal_mbd_energy
In: :mbd_scalapack:mbd_scalapack.f90:mbd_scalapack:get_reciprocal_mbd_energy
get_useparameters: no module ifport info used by get_reciprocal_mbd_energy
In: :mbd_scalapack:mbd_scalapack.f90:mbd_scalapack:get_reciprocal_mbd_energy
	getarrlen:variable "n_grid_omega" undefined
				Block: get_single_reciprocal_mbd_ene
In: :mbd_scalapack:mbd_scalapack.f90:mbd_scalapack:get_single_reciprocal_mbd_ene
get_useparameters: no module mbd_helper info used by get_single_reciprocal_mbd_ene
In: :mbd_scalapack:mbd_scalapack.f90:mbd_scalapack:get_single_reciprocal_mbd_ene
get_useparameters: no module mbd_interface info used by get_single_reciprocal_mbd_ene
In: :mbd_scalapack:mbd_scalapack.f90:mbd_scalapack:get_single_reciprocal_mbd_ene
get_useparameters: no module ifport info used by get_single_reciprocal_mbd_ene
				Block: get_single_rpa_energy
In: :mbd_scalapack:mbd_scalapack.f90:mbd_scalapack:get_single_rpa_energy
get_useparameters: no module mbd_helper info used by get_single_rpa_energy
In: :mbd_scalapack:mbd_scalapack.f90:mbd_scalapack:get_single_rpa_energy
get_useparameters: no module mbd_interface info used by get_single_rpa_energy
In: :mbd_scalapack:mbd_scalapack.f90:mbd_scalapack:get_single_rpa_energy
get_useparameters: no module ifport info used by get_single_rpa_energy
				Block: get_single_reciprocal_rpa_ene
In: :mbd_scalapack:mbd_scalapack.f90:mbd_scalapack:get_single_reciprocal_rpa_ene
get_useparameters: no module mbd_helper info used by get_single_reciprocal_rpa_ene
In: :mbd_scalapack:mbd_scalapack.f90:mbd_scalapack:get_single_reciprocal_rpa_ene
get_useparameters: no module mbd_interface info used by get_single_reciprocal_rpa_ene
In: :mbd_scalapack:mbd_scalapack.f90:mbd_scalapack:get_single_reciprocal_rpa_ene
get_useparameters: no module ifport info used by get_single_reciprocal_rpa_ene
				Block: eval_mbd_nonint_density
In: :mbd_scalapack:mbd_scalapack.f90:mbd_scalapack:eval_mbd_nonint_density
get_useparameters: no module mbd_helper info used by eval_mbd_nonint_density
In: :mbd_scalapack:mbd_scalapack.f90:mbd_scalapack:eval_mbd_nonint_density
get_useparameters: no module mbd_interface info used by eval_mbd_nonint_density
In: :mbd_scalapack:mbd_scalapack.f90:mbd_scalapack:eval_mbd_nonint_density
get_useparameters: no module ifport info used by eval_mbd_nonint_density
				Block: eval_mbd_int_density
In: :mbd_scalapack:mbd_scalapack.f90:mbd_scalapack:eval_mbd_int_density
get_useparameters: no module mbd_helper info used by eval_mbd_int_density
In: :mbd_scalapack:mbd_scalapack.f90:mbd_scalapack:eval_mbd_int_density
get_useparameters: no module mbd_interface info used by eval_mbd_int_density
In: :mbd_scalapack:mbd_scalapack.f90:mbd_scalapack:eval_mbd_int_density
get_useparameters: no module ifport info used by eval_mbd_int_density
				Block: eval_mbd_int_density_io
In: :mbd_scalapack:mbd_scalapack.f90:mbd_scalapack:eval_mbd_int_density_io
get_useparameters: no module mbd_helper info used by eval_mbd_int_density_io
In: :mbd_scalapack:mbd_scalapack.f90:mbd_scalapack:eval_mbd_int_density_io
get_useparameters: no module mbd_interface info used by eval_mbd_int_density_io
In: :mbd_scalapack:mbd_scalapack.f90:mbd_scalapack:eval_mbd_int_density_io
get_useparameters: no module ifport info used by eval_mbd_int_density_io
				Block: eval_mbd_density_difference_io
In: :mbd_scalapack:mbd_scalapack.f90:mbd_scalapack:eval_mbd_density_difference_io
get_useparameters: no module mbd_helper info used by eval_mbd_density_difference_io
In: :mbd_scalapack:mbd_scalapack.f90:mbd_scalapack:eval_mbd_density_difference_io
get_useparameters: no module mbd_interface info used by eval_mbd_density_difference_io
In: :mbd_scalapack:mbd_scalapack.f90:mbd_scalapack:eval_mbd_density_difference_io
get_useparameters: no module ifport info used by eval_mbd_density_difference_io
				Block: nbody_coeffs
In: :mbd_scalapack:mbd_scalapack.f90:mbd_scalapack:nbody_coeffs
get_useparameters: no module mbd_helper info used by nbody_coeffs
In: :mbd_scalapack:mbd_scalapack.f90:mbd_scalapack:nbody_coeffs
get_useparameters: no module mbd_interface info used by nbody_coeffs
In: :mbd_scalapack:mbd_scalapack.f90:mbd_scalapack:nbody_coeffs
get_useparameters: no module ifport info used by nbody_coeffs
				Block: get_interaction_modes
In: :mbd_scalapack:mbd_scalapack.f90:mbd_scalapack:get_interaction_modes
get_useparameters: no module mbd_helper info used by get_interaction_modes
In: :mbd_scalapack:mbd_scalapack.f90:mbd_scalapack:get_interaction_modes
get_useparameters: no module mbd_interface info used by get_interaction_modes
In: :mbd_scalapack:mbd_scalapack.f90:mbd_scalapack:get_interaction_modes
get_useparameters: no module ifport info used by get_interaction_modes
				Block: get_single_int_modes
In: :mbd_scalapack:mbd_scalapack.f90:mbd_scalapack:get_single_int_modes
get_useparameters: no module mbd_helper info used by get_single_int_modes
In: :mbd_scalapack:mbd_scalapack.f90:mbd_scalapack:get_single_int_modes
get_useparameters: no module mbd_interface info used by get_single_int_modes
In: :mbd_scalapack:mbd_scalapack.f90:mbd_scalapack:get_single_int_modes
get_useparameters: no module ifport info used by get_single_int_modes
				Block: get_single_reciprocal_int_modes
In: :mbd_scalapack:mbd_scalapack.f90:mbd_scalapack:get_single_reciprocal_int_modes
get_useparameters: no module mbd_helper info used by get_single_reciprocal_int_modes
In: :mbd_scalapack:mbd_scalapack.f90:mbd_scalapack:get_single_reciprocal_int_modes
get_useparameters: no module mbd_interface info used by get_single_reciprocal_int_modes
In: :mbd_scalapack:mbd_scalapack.f90:mbd_scalapack:get_single_reciprocal_int_modes
get_useparameters: no module ifport info used by get_single_reciprocal_int_modes
				Block: build_h_int
In: :mbd_scalapack:mbd_scalapack.f90:mbd_scalapack:build_h_int
get_useparameters: no module mbd_helper info used by build_h_int
In: :mbd_scalapack:mbd_scalapack.f90:mbd_scalapack:build_h_int
get_useparameters: no module mbd_interface info used by build_h_int
In: :mbd_scalapack:mbd_scalapack.f90:mbd_scalapack:build_h_int
get_useparameters: no module ifport info used by build_h_int
				Block: add_ewald_h_int_parts
In: :mbd_scalapack:mbd_scalapack.f90:mbd_scalapack:add_ewald_h_int_parts
get_useparameters: no module mbd_helper info used by add_ewald_h_int_parts
In: :mbd_scalapack:mbd_scalapack.f90:mbd_scalapack:add_ewald_h_int_parts
get_useparameters: no module mbd_interface info used by add_ewald_h_int_parts
In: :mbd_scalapack:mbd_scalapack.f90:mbd_scalapack:add_ewald_h_int_parts
get_useparameters: no module ifport info used by add_ewald_h_int_parts
				Block: get_onsite_modes
In: :mbd_scalapack:mbd_scalapack.f90:mbd_scalapack:get_onsite_modes
get_useparameters: no module mbd_helper info used by get_onsite_modes
In: :mbd_scalapack:mbd_scalapack.f90:mbd_scalapack:get_onsite_modes
get_useparameters: no module mbd_interface info used by get_onsite_modes
In: :mbd_scalapack:mbd_scalapack.f90:mbd_scalapack:get_onsite_modes
get_useparameters: no module ifport info used by get_onsite_modes
				Block: get_single_on_modes
In: :mbd_scalapack:mbd_scalapack.f90:mbd_scalapack:get_single_on_modes
get_useparameters: no module mbd_helper info used by get_single_on_modes
In: :mbd_scalapack:mbd_scalapack.f90:mbd_scalapack:get_single_on_modes
get_useparameters: no module mbd_interface info used by get_single_on_modes
In: :mbd_scalapack:mbd_scalapack.f90:mbd_scalapack:get_single_on_modes
get_useparameters: no module ifport info used by get_single_on_modes
				Block: get_single_reciprocal_on_modes
In: :mbd_scalapack:mbd_scalapack.f90:mbd_scalapack:get_single_reciprocal_on_modes
get_useparameters: no module mbd_helper info used by get_single_reciprocal_on_modes
In: :mbd_scalapack:mbd_scalapack.f90:mbd_scalapack:get_single_reciprocal_on_modes
get_useparameters: no module mbd_interface info used by get_single_reciprocal_on_modes
In: :mbd_scalapack:mbd_scalapack.f90:mbd_scalapack:get_single_reciprocal_on_modes
get_useparameters: no module ifport info used by get_single_reciprocal_on_modes
				Block: read_mbd_modes
In: :mbd_scalapack:mbd_scalapack.f90:mbd_scalapack:read_mbd_modes
get_useparameters: no module mbd_helper info used by read_mbd_modes
In: :mbd_scalapack:mbd_scalapack.f90:mbd_scalapack:read_mbd_modes
get_useparameters: no module mbd_interface info used by read_mbd_modes
In: :mbd_scalapack:mbd_scalapack.f90:mbd_scalapack:read_mbd_modes
get_useparameters: no module ifport info used by read_mbd_modes
				Block: read_mbd_modes_reciprocal
In: :mbd_scalapack:mbd_scalapack.f90:mbd_scalapack:read_mbd_modes_reciprocal
get_useparameters: no module mbd_helper info used by read_mbd_modes_reciprocal
In: :mbd_scalapack:mbd_scalapack.f90:mbd_scalapack:read_mbd_modes_reciprocal
get_useparameters: no module mbd_interface info used by read_mbd_modes_reciprocal
In: :mbd_scalapack:mbd_scalapack.f90:mbd_scalapack:read_mbd_modes_reciprocal
get_useparameters: no module ifport info used by read_mbd_modes_reciprocal
				Block: contract_polarizability
In: :mbd_scalapack:mbd_scalapack.f90:mbd_scalapack:contract_polarizability
get_useparameters: no module mbd_helper info used by contract_polarizability
In: :mbd_scalapack:mbd_scalapack.f90:mbd_scalapack:contract_polarizability
get_useparameters: no module mbd_interface info used by contract_polarizability
In: :mbd_scalapack:mbd_scalapack.f90:mbd_scalapack:contract_polarizability
get_useparameters: no module ifport info used by contract_polarizability
				Block: invert_ge_dble_
In: :mbd_scalapack:mbd_scalapack.f90:mbd_scalapack:invert_ge_dble_
get_useparameters: no module mbd_helper info used by invert_ge_dble_
In: :mbd_scalapack:mbd_scalapack.f90:mbd_scalapack:invert_ge_dble_
get_useparameters: no module mbd_interface info used by invert_ge_dble_
In: :mbd_scalapack:mbd_scalapack.f90:mbd_scalapack:invert_ge_dble_
get_useparameters: no module ifport info used by invert_ge_dble_
				Block: invert_ge_cmplx_
In: :mbd_scalapack:mbd_scalapack.f90:mbd_scalapack:invert_ge_cmplx_
get_useparameters: no module mbd_helper info used by invert_ge_cmplx_
In: :mbd_scalapack:mbd_scalapack.f90:mbd_scalapack:invert_ge_cmplx_
get_useparameters: no module mbd_interface info used by invert_ge_cmplx_
In: :mbd_scalapack:mbd_scalapack.f90:mbd_scalapack:invert_ge_cmplx_
get_useparameters: no module ifport info used by invert_ge_cmplx_
				Block: inverted
In: :mbd_scalapack:mbd_scalapack.f90:mbd_scalapack:inverted
get_useparameters: no module mbd_helper info used by inverted
In: :mbd_scalapack:mbd_scalapack.f90:mbd_scalapack:inverted
get_useparameters: no module mbd_interface info used by inverted
In: :mbd_scalapack:mbd_scalapack.f90:mbd_scalapack:inverted
get_useparameters: no module ifport info used by inverted
				Block: diagonalize_sym_dble_
In: :mbd_scalapack:mbd_scalapack.f90:mbd_scalapack:diagonalize_sym_dble_
get_useparameters: no module mbd_helper info used by diagonalize_sym_dble_
In: :mbd_scalapack:mbd_scalapack.f90:mbd_scalapack:diagonalize_sym_dble_
get_useparameters: no module mbd_interface info used by diagonalize_sym_dble_
In: :mbd_scalapack:mbd_scalapack.f90:mbd_scalapack:diagonalize_sym_dble_
get_useparameters: no module ifport info used by diagonalize_sym_dble_
				Block: diagonalized_sym_dble_
In: :mbd_scalapack:mbd_scalapack.f90:mbd_scalapack:diagonalized_sym_dble_
get_useparameters: no module mbd_helper info used by diagonalized_sym_dble_
In: :mbd_scalapack:mbd_scalapack.f90:mbd_scalapack:diagonalized_sym_dble_
get_useparameters: no module mbd_interface info used by diagonalized_sym_dble_
In: :mbd_scalapack:mbd_scalapack.f90:mbd_scalapack:diagonalized_sym_dble_
get_useparameters: no module ifport info used by diagonalized_sym_dble_
				Block: diagonalize_ge_dble_
In: :mbd_scalapack:mbd_scalapack.f90:mbd_scalapack:diagonalize_ge_dble_
get_useparameters: no module mbd_helper info used by diagonalize_ge_dble_
In: :mbd_scalapack:mbd_scalapack.f90:mbd_scalapack:diagonalize_ge_dble_
get_useparameters: no module mbd_interface info used by diagonalize_ge_dble_
In: :mbd_scalapack:mbd_scalapack.f90:mbd_scalapack:diagonalize_ge_dble_
get_useparameters: no module ifport info used by diagonalize_ge_dble_
				Block: diagonalized_ge_dble_
In: :mbd_scalapack:mbd_scalapack.f90:mbd_scalapack:diagonalized_ge_dble_
get_useparameters: no module mbd_helper info used by diagonalized_ge_dble_
In: :mbd_scalapack:mbd_scalapack.f90:mbd_scalapack:diagonalized_ge_dble_
get_useparameters: no module mbd_interface info used by diagonalized_ge_dble_
In: :mbd_scalapack:mbd_scalapack.f90:mbd_scalapack:diagonalized_ge_dble_
get_useparameters: no module ifport info used by diagonalized_ge_dble_
				Block: diagonalize_he_cmplx_
In: :mbd_scalapack:mbd_scalapack.f90:mbd_scalapack:diagonalize_he_cmplx_
get_useparameters: no module mbd_helper info used by diagonalize_he_cmplx_
In: :mbd_scalapack:mbd_scalapack.f90:mbd_scalapack:diagonalize_he_cmplx_
get_useparameters: no module mbd_interface info used by diagonalize_he_cmplx_
In: :mbd_scalapack:mbd_scalapack.f90:mbd_scalapack:diagonalize_he_cmplx_
get_useparameters: no module ifport info used by diagonalize_he_cmplx_
				Block: diagonalize_ge_cmplx_
In: :mbd_scalapack:mbd_scalapack.f90:mbd_scalapack:diagonalize_ge_cmplx_
get_useparameters: no module mbd_helper info used by diagonalize_ge_cmplx_
In: :mbd_scalapack:mbd_scalapack.f90:mbd_scalapack:diagonalize_ge_cmplx_
get_useparameters: no module mbd_interface info used by diagonalize_ge_cmplx_
In: :mbd_scalapack:mbd_scalapack.f90:mbd_scalapack:diagonalize_ge_cmplx_
get_useparameters: no module ifport info used by diagonalize_ge_cmplx_
				Block: get_ts_energy_lowmem
In: :mbd_scalapack:mbd_scalapack.f90:mbd_scalapack:get_ts_energy_lowmem
get_useparameters: no module mbd_helper info used by get_ts_energy_lowmem
In: :mbd_scalapack:mbd_scalapack.f90:mbd_scalapack:get_ts_energy_lowmem
get_useparameters: no module mbd_interface info used by get_ts_energy_lowmem
In: :mbd_scalapack:mbd_scalapack.f90:mbd_scalapack:get_ts_energy_lowmem
get_useparameters: no module ifport info used by get_ts_energy_lowmem
				Block: add_dipole_matrix_s
In: :mbd_scalapack:mbd_scalapack.f90:mbd_scalapack:add_dipole_matrix_s
get_useparameters: no module mbd_helper info used by add_dipole_matrix_s
In: :mbd_scalapack:mbd_scalapack.f90:mbd_scalapack:add_dipole_matrix_s
get_useparameters: no module mbd_interface info used by add_dipole_matrix_s
In: :mbd_scalapack:mbd_scalapack.f90:mbd_scalapack:add_dipole_matrix_s
get_useparameters: no module ifport info used by add_dipole_matrix_s
				Block: add_ewald_dipole_parts_s
In: :mbd_scalapack:mbd_scalapack.f90:mbd_scalapack:add_ewald_dipole_parts_s
get_useparameters: no module mbd_helper info used by add_ewald_dipole_parts_s
In: :mbd_scalapack:mbd_scalapack.f90:mbd_scalapack:add_ewald_dipole_parts_s
get_useparameters: no module mbd_interface info used by add_ewald_dipole_parts_s
In: :mbd_scalapack:mbd_scalapack.f90:mbd_scalapack:add_ewald_dipole_parts_s
get_useparameters: no module ifport info used by add_ewald_dipole_parts_s
				Block: run_scs_s
In: :mbd_scalapack:mbd_scalapack.f90:mbd_scalapack:run_scs_s
get_useparameters: no module mbd_helper info used by run_scs_s
In: :mbd_scalapack:mbd_scalapack.f90:mbd_scalapack:run_scs_s
get_useparameters: no module mbd_interface info used by run_scs_s
In: :mbd_scalapack:mbd_scalapack.f90:mbd_scalapack:run_scs_s
get_useparameters: no module ifport info used by run_scs_s
				Block: do_scs_s
In: :mbd_scalapack:mbd_scalapack.f90:mbd_scalapack:do_scs_s
get_useparameters: no module mbd_helper info used by do_scs_s
In: :mbd_scalapack:mbd_scalapack.f90:mbd_scalapack:do_scs_s
get_useparameters: no module mbd_interface info used by do_scs_s
In: :mbd_scalapack:mbd_scalapack.f90:mbd_scalapack:do_scs_s
get_useparameters: no module ifport info used by do_scs_s
				Block: get_mbd_energy_s
In: :mbd_scalapack:mbd_scalapack.f90:mbd_scalapack:get_mbd_energy_s
get_useparameters: no module mbd_helper info used by get_mbd_energy_s
In: :mbd_scalapack:mbd_scalapack.f90:mbd_scalapack:get_mbd_energy_s
get_useparameters: no module mbd_interface info used by get_mbd_energy_s
In: :mbd_scalapack:mbd_scalapack.f90:mbd_scalapack:get_mbd_energy_s
get_useparameters: no module ifport info used by get_mbd_energy_s
				Block: get_supercell_mbd_energy_s
In: :mbd_scalapack:mbd_scalapack.f90:mbd_scalapack:get_supercell_mbd_energy_s
get_useparameters: no module mbd_helper info used by get_supercell_mbd_energy_s
In: :mbd_scalapack:mbd_scalapack.f90:mbd_scalapack:get_supercell_mbd_energy_s
get_useparameters: no module mbd_interface info used by get_supercell_mbd_energy_s
In: :mbd_scalapack:mbd_scalapack.f90:mbd_scalapack:get_supercell_mbd_energy_s
get_useparameters: no module ifport info used by get_supercell_mbd_energy_s
				Block: get_single_mbd_energy_s
In: :mbd_scalapack:mbd_scalapack.f90:mbd_scalapack:get_single_mbd_energy_s
get_useparameters: no module mbd_helper info used by get_single_mbd_energy_s
In: :mbd_scalapack:mbd_scalapack.f90:mbd_scalapack:get_single_mbd_energy_s
get_useparameters: no module mbd_interface info used by get_single_mbd_energy_s
In: :mbd_scalapack:mbd_scalapack.f90:mbd_scalapack:get_single_mbd_energy_s
get_useparameters: no module ifport info used by get_single_mbd_energy_s
				Block: get_reciprocal_mbd_energy_s
In: :mbd_scalapack:mbd_scalapack.f90:mbd_scalapack:get_reciprocal_mbd_energy_s
get_useparameters: no module mbd_helper info used by get_reciprocal_mbd_energy_s
In: :mbd_scalapack:mbd_scalapack.f90:mbd_scalapack:get_reciprocal_mbd_energy_s
get_useparameters: no module mbd_interface info used by get_reciprocal_mbd_energy_s
In: :mbd_scalapack:mbd_scalapack.f90:mbd_scalapack:get_reciprocal_mbd_energy_s
get_useparameters: no module ifport info used by get_reciprocal_mbd_energy_s
				Block: get_single_reciprocal_mbd_ene_s
In: :mbd_scalapack:mbd_scalapack.f90:mbd_scalapack:get_single_reciprocal_mbd_ene_s
get_useparameters: no module mbd_helper info used by get_single_reciprocal_mbd_ene_s
In: :mbd_scalapack:mbd_scalapack.f90:mbd_scalapack:get_single_reciprocal_mbd_ene_s
get_useparameters: no module mbd_interface info used by get_single_reciprocal_mbd_ene_s
In: :mbd_scalapack:mbd_scalapack.f90:mbd_scalapack:get_single_reciprocal_mbd_ene_s
get_useparameters: no module ifport info used by get_single_reciprocal_mbd_ene_s
				Block: map_local2global
In: :mbd_scalapack:mbd_scalapack.f90:mbd_scalapack:map_local2global
get_useparameters: no module mbd_helper info used by map_local2global
In: :mbd_scalapack:mbd_scalapack.f90:mbd_scalapack:map_local2global
get_useparameters: no module mbd_interface info used by map_local2global
In: :mbd_scalapack:mbd_scalapack.f90:mbd_scalapack:map_local2global
get_useparameters: no module ifport info used by map_local2global
				Block: write_eigenenergies
In: :mbd_scalapack:mbd_scalapack.f90:mbd_scalapack:write_eigenenergies
get_useparameters: no module mbd_helper info used by write_eigenenergies
In: :mbd_scalapack:mbd_scalapack.f90:mbd_scalapack:write_eigenenergies
get_useparameters: no module mbd_interface info used by write_eigenenergies
In: :mbd_scalapack:mbd_scalapack.f90:mbd_scalapack:write_eigenenergies
get_useparameters: no module ifport info used by write_eigenenergies
				Block: get_fileid
In: :mbd_scalapack:mbd_scalapack.f90:mbd_scalapack:get_fileid
get_useparameters: no module mbd_helper info used by get_fileid
In: :mbd_scalapack:mbd_scalapack.f90:mbd_scalapack:get_fileid
get_useparameters: no module mbd_interface info used by get_fileid
In: :mbd_scalapack:mbd_scalapack.f90:mbd_scalapack:get_fileid
get_useparameters: no module ifport info used by get_fileid
				Block: pzwriteeigvec
In: :mbd_scalapack:mbd_scalapack.f90:mbd_scalapack:pzwriteeigvec
get_useparameters: no module mbd_helper info used by pzwriteeigvec
In: :mbd_scalapack:mbd_scalapack.f90:mbd_scalapack:pzwriteeigvec
get_useparameters: no module mbd_interface info used by pzwriteeigvec
In: :mbd_scalapack:mbd_scalapack.f90:mbd_scalapack:pzwriteeigvec
get_useparameters: no module ifport info used by pzwriteeigvec
				Block: pdwriteeigvec
In: :mbd_scalapack:mbd_scalapack.f90:mbd_scalapack:pdwriteeigvec
get_useparameters: no module mbd_helper info used by pdwriteeigvec
In: :mbd_scalapack:mbd_scalapack.f90:mbd_scalapack:pdwriteeigvec
get_useparameters: no module mbd_interface info used by pdwriteeigvec
In: :mbd_scalapack:mbd_scalapack.f90:mbd_scalapack:pdwriteeigvec
get_useparameters: no module ifport info used by pdwriteeigvec
				Block: zwriteeigvec
In: :mbd_scalapack:mbd_scalapack.f90:mbd_scalapack:zwriteeigvec
get_useparameters: no module mbd_helper info used by zwriteeigvec
In: :mbd_scalapack:mbd_scalapack.f90:mbd_scalapack:zwriteeigvec
get_useparameters: no module mbd_interface info used by zwriteeigvec
In: :mbd_scalapack:mbd_scalapack.f90:mbd_scalapack:zwriteeigvec
get_useparameters: no module ifport info used by zwriteeigvec
				Block: dwriteeigvec
In: :mbd_scalapack:mbd_scalapack.f90:mbd_scalapack:dwriteeigvec
get_useparameters: no module mbd_helper info used by dwriteeigvec
In: :mbd_scalapack:mbd_scalapack.f90:mbd_scalapack:dwriteeigvec
get_useparameters: no module mbd_interface info used by dwriteeigvec
In: :mbd_scalapack:mbd_scalapack.f90:mbd_scalapack:dwriteeigvec
get_useparameters: no module ifport info used by dwriteeigvec
				Block: exit_blacs_and_finalize
In: :mbd_scalapack:mbd_scalapack.f90:mbd_scalapack:exit_blacs_and_finalize
get_useparameters: no module mbd_helper info used by exit_blacs_and_finalize
In: :mbd_scalapack:mbd_scalapack.f90:mbd_scalapack:exit_blacs_and_finalize
get_useparameters: no module mbd_interface info used by exit_blacs_and_finalize
In: :mbd_scalapack:mbd_scalapack.f90:mbd_scalapack:exit_blacs_and_finalize
get_useparameters: no module ifport info used by exit_blacs_and_finalize
				Block: t_bare
In: :mbd_scalapack:mbd_scalapack.f90:mbd_scalapack:t_bare
get_useparameters: no module mbd_helper info used by t_bare
In: :mbd_scalapack:mbd_scalapack.f90:mbd_scalapack:t_bare
get_useparameters: no module mbd_interface info used by t_bare
In: :mbd_scalapack:mbd_scalapack.f90:mbd_scalapack:t_bare
get_useparameters: no module ifport info used by t_bare
				Block: b_erfc
In: :mbd_scalapack:mbd_scalapack.f90:mbd_scalapack:b_erfc
get_useparameters: no module mbd_helper info used by b_erfc
In: :mbd_scalapack:mbd_scalapack.f90:mbd_scalapack:b_erfc
get_useparameters: no module mbd_interface info used by b_erfc
In: :mbd_scalapack:mbd_scalapack.f90:mbd_scalapack:b_erfc
get_useparameters: no module ifport info used by b_erfc
				Block: c_erfc
In: :mbd_scalapack:mbd_scalapack.f90:mbd_scalapack:c_erfc
get_useparameters: no module mbd_helper info used by c_erfc
In: :mbd_scalapack:mbd_scalapack.f90:mbd_scalapack:c_erfc
get_useparameters: no module mbd_interface info used by c_erfc
In: :mbd_scalapack:mbd_scalapack.f90:mbd_scalapack:c_erfc
get_useparameters: no module ifport info used by c_erfc
				Block: t_erfc
In: :mbd_scalapack:mbd_scalapack.f90:mbd_scalapack:t_erfc
get_useparameters: no module mbd_helper info used by t_erfc
In: :mbd_scalapack:mbd_scalapack.f90:mbd_scalapack:t_erfc
get_useparameters: no module mbd_interface info used by t_erfc
In: :mbd_scalapack:mbd_scalapack.f90:mbd_scalapack:t_erfc
get_useparameters: no module ifport info used by t_erfc
				Block: damping_fermi
In: :mbd_scalapack:mbd_scalapack.f90:mbd_scalapack:damping_fermi
get_useparameters: no module mbd_helper info used by damping_fermi
In: :mbd_scalapack:mbd_scalapack.f90:mbd_scalapack:damping_fermi
get_useparameters: no module mbd_interface info used by damping_fermi
In: :mbd_scalapack:mbd_scalapack.f90:mbd_scalapack:damping_fermi
get_useparameters: no module ifport info used by damping_fermi
				Block: damping_erf
In: :mbd_scalapack:mbd_scalapack.f90:mbd_scalapack:damping_erf
get_useparameters: no module mbd_helper info used by damping_erf
In: :mbd_scalapack:mbd_scalapack.f90:mbd_scalapack:damping_erf
get_useparameters: no module mbd_interface info used by damping_erf
In: :mbd_scalapack:mbd_scalapack.f90:mbd_scalapack:damping_erf
get_useparameters: no module ifport info used by damping_erf
				Block: damping_1mexp
In: :mbd_scalapack:mbd_scalapack.f90:mbd_scalapack:damping_1mexp
get_useparameters: no module mbd_helper info used by damping_1mexp
In: :mbd_scalapack:mbd_scalapack.f90:mbd_scalapack:damping_1mexp
get_useparameters: no module mbd_interface info used by damping_1mexp
In: :mbd_scalapack:mbd_scalapack.f90:mbd_scalapack:damping_1mexp
get_useparameters: no module ifport info used by damping_1mexp
				Block: damping_overlap
In: :mbd_scalapack:mbd_scalapack.f90:mbd_scalapack:damping_overlap
get_useparameters: no module mbd_helper info used by damping_overlap
In: :mbd_scalapack:mbd_scalapack.f90:mbd_scalapack:damping_overlap
get_useparameters: no module mbd_interface info used by damping_overlap
In: :mbd_scalapack:mbd_scalapack.f90:mbd_scalapack:damping_overlap
get_useparameters: no module ifport info used by damping_overlap
				Block: t_overlap_coulomb
In: :mbd_scalapack:mbd_scalapack.f90:mbd_scalapack:t_overlap_coulomb
get_useparameters: no module mbd_helper info used by t_overlap_coulomb
In: :mbd_scalapack:mbd_scalapack.f90:mbd_scalapack:t_overlap_coulomb
get_useparameters: no module mbd_interface info used by t_overlap_coulomb
In: :mbd_scalapack:mbd_scalapack.f90:mbd_scalapack:t_overlap_coulomb
get_useparameters: no module ifport info used by t_overlap_coulomb
				Block: t_fermi_coulomb
In: :mbd_scalapack:mbd_scalapack.f90:mbd_scalapack:t_fermi_coulomb
get_useparameters: no module mbd_helper info used by t_fermi_coulomb
In: :mbd_scalapack:mbd_scalapack.f90:mbd_scalapack:t_fermi_coulomb
get_useparameters: no module mbd_interface info used by t_fermi_coulomb
In: :mbd_scalapack:mbd_scalapack.f90:mbd_scalapack:t_fermi_coulomb
get_useparameters: no module ifport info used by t_fermi_coulomb
				Block: t_erf_coulomb
In: :mbd_scalapack:mbd_scalapack.f90:mbd_scalapack:t_erf_coulomb
get_useparameters: no module mbd_helper info used by t_erf_coulomb
In: :mbd_scalapack:mbd_scalapack.f90:mbd_scalapack:t_erf_coulomb
get_useparameters: no module mbd_interface info used by t_erf_coulomb
In: :mbd_scalapack:mbd_scalapack.f90:mbd_scalapack:t_erf_coulomb
get_useparameters: no module ifport info used by t_erf_coulomb
				Block: t_1mexp_coulomb
In: :mbd_scalapack:mbd_scalapack.f90:mbd_scalapack:t_1mexp_coulomb
get_useparameters: no module mbd_helper info used by t_1mexp_coulomb
In: :mbd_scalapack:mbd_scalapack.f90:mbd_scalapack:t_1mexp_coulomb
get_useparameters: no module mbd_interface info used by t_1mexp_coulomb
In: :mbd_scalapack:mbd_scalapack.f90:mbd_scalapack:t_1mexp_coulomb
get_useparameters: no module ifport info used by t_1mexp_coulomb
				Block: get_damping_parameters
In: :mbd_scalapack:mbd_scalapack.f90:mbd_scalapack:get_damping_parameters
get_useparameters: no module mbd_helper info used by get_damping_parameters
In: :mbd_scalapack:mbd_scalapack.f90:mbd_scalapack:get_damping_parameters
get_useparameters: no module mbd_interface info used by get_damping_parameters
In: :mbd_scalapack:mbd_scalapack.f90:mbd_scalapack:get_damping_parameters
get_useparameters: no module ifport info used by get_damping_parameters
				Block: terf
In: :mbd_scalapack:mbd_scalapack.f90:mbd_scalapack:terf
get_useparameters: no module mbd_helper info used by terf
In: :mbd_scalapack:mbd_scalapack.f90:mbd_scalapack:terf
get_useparameters: no module mbd_interface info used by terf
In: :mbd_scalapack:mbd_scalapack.f90:mbd_scalapack:terf
get_useparameters: no module ifport info used by terf
In: :mbd_scalapack:mbd_scalapack.f90:mbd_scalapack:terf
analyzevars: prefix ('elemental') were not used
				Block: alpha_dynamic_ts_all
In: :mbd_scalapack:mbd_scalapack.f90:mbd_scalapack:alpha_dynamic_ts_all
get_useparameters: no module mbd_helper info used by alpha_dynamic_ts_all
In: :mbd_scalapack:mbd_scalapack.f90:mbd_scalapack:alpha_dynamic_ts_all
get_useparameters: no module mbd_interface info used by alpha_dynamic_ts_all
In: :mbd_scalapack:mbd_scalapack.f90:mbd_scalapack:alpha_dynamic_ts_all
get_useparameters: no module ifport info used by alpha_dynamic_ts_all
				Block: alpha_dynamic_ts
In: :mbd_scalapack:mbd_scalapack.f90:mbd_scalapack:alpha_dynamic_ts
get_useparameters: no module mbd_helper info used by alpha_dynamic_ts
In: :mbd_scalapack:mbd_scalapack.f90:mbd_scalapack:alpha_dynamic_ts
get_useparameters: no module mbd_interface info used by alpha_dynamic_ts
In: :mbd_scalapack:mbd_scalapack.f90:mbd_scalapack:alpha_dynamic_ts
get_useparameters: no module ifport info used by alpha_dynamic_ts
				Block: alpha_osc
In: :mbd_scalapack:mbd_scalapack.f90:mbd_scalapack:alpha_osc
get_useparameters: no module mbd_helper info used by alpha_osc
In: :mbd_scalapack:mbd_scalapack.f90:mbd_scalapack:alpha_osc
get_useparameters: no module mbd_interface info used by alpha_osc
In: :mbd_scalapack:mbd_scalapack.f90:mbd_scalapack:alpha_osc
get_useparameters: no module ifport info used by alpha_osc
In: :mbd_scalapack:mbd_scalapack.f90:mbd_scalapack:alpha_osc
analyzevars: prefix ('elemental') were not used
				Block: combine_c6
In: :mbd_scalapack:mbd_scalapack.f90:mbd_scalapack:combine_c6
get_useparameters: no module mbd_helper info used by combine_c6
In: :mbd_scalapack:mbd_scalapack.f90:mbd_scalapack:combine_c6
get_useparameters: no module mbd_interface info used by combine_c6
In: :mbd_scalapack:mbd_scalapack.f90:mbd_scalapack:combine_c6
get_useparameters: no module ifport info used by combine_c6
In: :mbd_scalapack:mbd_scalapack.f90:mbd_scalapack:combine_c6
analyzevars: prefix ('elemental') were not used
				Block: v_to_r
In: :mbd_scalapack:mbd_scalapack.f90:mbd_scalapack:v_to_r
get_useparameters: no module mbd_helper info used by v_to_r
In: :mbd_scalapack:mbd_scalapack.f90:mbd_scalapack:v_to_r
get_useparameters: no module mbd_interface info used by v_to_r
In: :mbd_scalapack:mbd_scalapack.f90:mbd_scalapack:v_to_r
get_useparameters: no module ifport info used by v_to_r
In: :mbd_scalapack:mbd_scalapack.f90:mbd_scalapack:v_to_r
analyzevars: prefix ('elemental') were not used
				Block: omega_eff
In: :mbd_scalapack:mbd_scalapack.f90:mbd_scalapack:omega_eff
get_useparameters: no module mbd_helper info used by omega_eff
In: :mbd_scalapack:mbd_scalapack.f90:mbd_scalapack:omega_eff
get_useparameters: no module mbd_interface info used by omega_eff
In: :mbd_scalapack:mbd_scalapack.f90:mbd_scalapack:omega_eff
get_useparameters: no module ifport info used by omega_eff
				Block: get_sigma_selfint
In: :mbd_scalapack:mbd_scalapack.f90:mbd_scalapack:get_sigma_selfint
get_useparameters: no module mbd_helper info used by get_sigma_selfint
In: :mbd_scalapack:mbd_scalapack.f90:mbd_scalapack:get_sigma_selfint
get_useparameters: no module mbd_interface info used by get_sigma_selfint
In: :mbd_scalapack:mbd_scalapack.f90:mbd_scalapack:get_sigma_selfint
get_useparameters: no module ifport info used by get_sigma_selfint
In: :mbd_scalapack:mbd_scalapack.f90:mbd_scalapack:get_sigma_selfint
analyzevars: prefix ('elemental') were not used
				Block: get_c6_from_alpha
In: :mbd_scalapack:mbd_scalapack.f90:mbd_scalapack:get_c6_from_alpha
get_useparameters: no module mbd_helper info used by get_c6_from_alpha
In: :mbd_scalapack:mbd_scalapack.f90:mbd_scalapack:get_c6_from_alpha
get_useparameters: no module mbd_interface info used by get_c6_from_alpha
In: :mbd_scalapack:mbd_scalapack.f90:mbd_scalapack:get_c6_from_alpha
get_useparameters: no module ifport info used by get_c6_from_alpha
				Block: get_total_c6_from_alpha
In: :mbd_scalapack:mbd_scalapack.f90:mbd_scalapack:get_total_c6_from_alpha
get_useparameters: no module mbd_helper info used by get_total_c6_from_alpha
In: :mbd_scalapack:mbd_scalapack.f90:mbd_scalapack:get_total_c6_from_alpha
get_useparameters: no module mbd_interface info used by get_total_c6_from_alpha
In: :mbd_scalapack:mbd_scalapack.f90:mbd_scalapack:get_total_c6_from_alpha
get_useparameters: no module ifport info used by get_total_c6_from_alpha
				Block: supercell_circum
In: :mbd_scalapack:mbd_scalapack.f90:mbd_scalapack:supercell_circum
get_useparameters: no module mbd_helper info used by supercell_circum
In: :mbd_scalapack:mbd_scalapack.f90:mbd_scalapack:supercell_circum
get_useparameters: no module mbd_interface info used by supercell_circum
In: :mbd_scalapack:mbd_scalapack.f90:mbd_scalapack:supercell_circum
get_useparameters: no module ifport info used by supercell_circum
				Block: shift_cell
In: :mbd_scalapack:mbd_scalapack.f90:mbd_scalapack:shift_cell
get_useparameters: no module mbd_helper info used by shift_cell
In: :mbd_scalapack:mbd_scalapack.f90:mbd_scalapack:shift_cell
get_useparameters: no module mbd_interface info used by shift_cell
In: :mbd_scalapack:mbd_scalapack.f90:mbd_scalapack:shift_cell
get_useparameters: no module ifport info used by shift_cell
				Block: make_g_grid
In: :mbd_scalapack:mbd_scalapack.f90:mbd_scalapack:make_g_grid
get_useparameters: no module mbd_helper info used by make_g_grid
In: :mbd_scalapack:mbd_scalapack.f90:mbd_scalapack:make_g_grid
get_useparameters: no module mbd_interface info used by make_g_grid
In: :mbd_scalapack:mbd_scalapack.f90:mbd_scalapack:make_g_grid
get_useparameters: no module ifport info used by make_g_grid
				Block: make_k_grid
In: :mbd_scalapack:mbd_scalapack.f90:mbd_scalapack:make_k_grid
get_useparameters: no module mbd_helper info used by make_k_grid
In: :mbd_scalapack:mbd_scalapack.f90:mbd_scalapack:make_k_grid
get_useparameters: no module mbd_interface info used by make_k_grid
In: :mbd_scalapack:mbd_scalapack.f90:mbd_scalapack:make_k_grid
get_useparameters: no module ifport info used by make_k_grid
				Block: cart_prod_
In: :mbd_scalapack:mbd_scalapack.f90:mbd_scalapack:cart_prod_
get_useparameters: no module mbd_helper info used by cart_prod_
In: :mbd_scalapack:mbd_scalapack.f90:mbd_scalapack:cart_prod_
get_useparameters: no module mbd_interface info used by cart_prod_
In: :mbd_scalapack:mbd_scalapack.f90:mbd_scalapack:cart_prod_
get_useparameters: no module ifport info used by cart_prod_
				Block: get_diag_
In: :mbd_scalapack:mbd_scalapack.f90:mbd_scalapack:get_diag_
get_useparameters: no module mbd_helper info used by get_diag_
In: :mbd_scalapack:mbd_scalapack.f90:mbd_scalapack:get_diag_
get_useparameters: no module mbd_interface info used by get_diag_
In: :mbd_scalapack:mbd_scalapack.f90:mbd_scalapack:get_diag_
get_useparameters: no module ifport info used by get_diag_
				Block: get_diag_cmplx_
In: :mbd_scalapack:mbd_scalapack.f90:mbd_scalapack:get_diag_cmplx_
get_useparameters: no module mbd_helper info used by get_diag_cmplx_
In: :mbd_scalapack:mbd_scalapack.f90:mbd_scalapack:get_diag_cmplx_
get_useparameters: no module mbd_interface info used by get_diag_cmplx_
In: :mbd_scalapack:mbd_scalapack.f90:mbd_scalapack:get_diag_cmplx_
get_useparameters: no module ifport info used by get_diag_cmplx_
				Block: make_diag_
In: :mbd_scalapack:mbd_scalapack.f90:mbd_scalapack:make_diag_
get_useparameters: no module mbd_helper info used by make_diag_
In: :mbd_scalapack:mbd_scalapack.f90:mbd_scalapack:make_diag_
get_useparameters: no module mbd_interface info used by make_diag_
In: :mbd_scalapack:mbd_scalapack.f90:mbd_scalapack:make_diag_
get_useparameters: no module ifport info used by make_diag_
				Block: solve_lin_sys
In: :mbd_scalapack:mbd_scalapack.f90:mbd_scalapack:solve_lin_sys
get_useparameters: no module mbd_helper info used by solve_lin_sys
In: :mbd_scalapack:mbd_scalapack.f90:mbd_scalapack:solve_lin_sys
get_useparameters: no module mbd_interface info used by solve_lin_sys
In: :mbd_scalapack:mbd_scalapack.f90:mbd_scalapack:solve_lin_sys
get_useparameters: no module ifport info used by solve_lin_sys
				Block: eye
In: :mbd_scalapack:mbd_scalapack.f90:mbd_scalapack:eye
get_useparameters: no module mbd_helper info used by eye
In: :mbd_scalapack:mbd_scalapack.f90:mbd_scalapack:eye
get_useparameters: no module mbd_interface info used by eye
In: :mbd_scalapack:mbd_scalapack.f90:mbd_scalapack:eye
get_useparameters: no module ifport info used by eye
				Block: tostr_int_
In: :mbd_scalapack:mbd_scalapack.f90:mbd_scalapack:tostr_int_
get_useparameters: no module mbd_helper info used by tostr_int_
In: :mbd_scalapack:mbd_scalapack.f90:mbd_scalapack:tostr_int_
get_useparameters: no module mbd_interface info used by tostr_int_
In: :mbd_scalapack:mbd_scalapack.f90:mbd_scalapack:tostr_int_
get_useparameters: no module ifport info used by tostr_int_
				Block: tostr_dble_
In: :mbd_scalapack:mbd_scalapack.f90:mbd_scalapack:tostr_dble_
get_useparameters: no module mbd_helper info used by tostr_dble_
In: :mbd_scalapack:mbd_scalapack.f90:mbd_scalapack:tostr_dble_
get_useparameters: no module mbd_interface info used by tostr_dble_
In: :mbd_scalapack:mbd_scalapack.f90:mbd_scalapack:tostr_dble_
get_useparameters: no module ifport info used by tostr_dble_
				Block: ts
In: :mbd_scalapack:mbd_scalapack.f90:mbd_scalapack:ts
get_useparameters: no module mbd_helper info used by ts
In: :mbd_scalapack:mbd_scalapack.f90:mbd_scalapack:ts
get_useparameters: no module mbd_interface info used by ts
In: :mbd_scalapack:mbd_scalapack.f90:mbd_scalapack:ts
get_useparameters: no module ifport info used by ts
				Block: clock_rate
In: :mbd_scalapack:mbd_scalapack.f90:mbd_scalapack:clock_rate
get_useparameters: no module mbd_helper info used by clock_rate
In: :mbd_scalapack:mbd_scalapack.f90:mbd_scalapack:clock_rate
get_useparameters: no module mbd_interface info used by clock_rate
In: :mbd_scalapack:mbd_scalapack.f90:mbd_scalapack:clock_rate
get_useparameters: no module ifport info used by clock_rate
Post-processing (stage 2)...
	Block: mbd_scalapack
		Block: unknown_interface
			Block: mbd_scalapack
				Block: get_ts_energy
				Block: add_dipole_matrix
				Block: add_ewald_dipole_parts
				Block: init_grid
				Block: test_frequency_grid
				Block: get_omega_grid
				Block: gauss_legendre
				Block: destroy_grid
				Block: run_scs
				Block: do_scs
				Block: do_scs_k_point
				Block: get_mbd_energy
				Block: get_supercell_mbd_energy
				Block: get_single_mbd_energy
				Block: get_reciprocal_mbd_energy
				Block: get_single_reciprocal_mbd_ene
				Block: get_single_rpa_energy
				Block: get_single_reciprocal_rpa_ene
				Block: eval_mbd_nonint_density
				Block: eval_mbd_int_density
				Block: eval_mbd_int_density_io
				Block: eval_mbd_density_difference_io
				Block: nbody_coeffs
				Block: get_interaction_modes
				Block: get_single_int_modes
				Block: get_single_reciprocal_int_modes
				Block: build_h_int
				Block: add_ewald_h_int_parts
				Block: get_onsite_modes
				Block: get_single_on_modes
				Block: get_single_reciprocal_on_modes
				Block: read_mbd_modes
				Block: read_mbd_modes_reciprocal
				Block: contract_polarizability
				Block: invert_ge_dble_
				Block: invert_ge_cmplx_
				Block: inverted
				Block: diagonalize_sym_dble_
				Block: diagonalized_sym_dble_
				Block: diagonalize_ge_dble_
				Block: diagonalized_ge_dble_
				Block: diagonalize_he_cmplx_
				Block: diagonalize_ge_cmplx_
				Block: get_ts_energy_lowmem
				Block: add_dipole_matrix_s
				Block: add_ewald_dipole_parts_s
				Block: run_scs_s
				Block: do_scs_s
				Block: get_mbd_energy_s
				Block: get_supercell_mbd_energy_s
				Block: get_single_mbd_energy_s
				Block: get_reciprocal_mbd_energy_s
				Block: get_single_reciprocal_mbd_ene_s
				Block: map_local2global
				Block: write_eigenenergies
				Block: get_fileid
				Block: pzwriteeigvec
				Block: pdwriteeigvec
				Block: zwriteeigvec
				Block: dwriteeigvec
				Block: exit_blacs_and_finalize
				Block: t_bare
				Block: b_erfc
				Block: c_erfc
				Block: t_erfc
				Block: damping_fermi
				Block: damping_erf
				Block: damping_1mexp
				Block: damping_overlap
				Block: t_overlap_coulomb
				Block: t_fermi_coulomb
				Block: t_erf_coulomb
				Block: t_1mexp_coulomb
				Block: get_damping_parameters
				Block: terf
				Block: alpha_dynamic_ts_all
				Block: alpha_dynamic_ts
				Block: alpha_osc
				Block: combine_c6
				Block: v_to_r
				Block: omega_eff
				Block: get_sigma_selfint
				Block: get_c6_from_alpha
				Block: get_total_c6_from_alpha
				Block: supercell_circum
				Block: shift_cell
				Block: make_g_grid
				Block: make_k_grid
				Block: cart_prod_
				Block: get_diag_
				Block: get_diag_cmplx_
				Block: make_diag_
				Block: solve_lin_sys
				Block: eye
				Block: tostr_int_
				Block: tostr_dble_
				Block: ts
				Block: clock_rate
Building modules...
	Building module "mbd_scalapack"...
		Constructing F90 module support for "mbd_scalapack"...
		  Variables: ts_cnt param_ewald_on my_task n_grid_omega param_dipole_cutoff param_zero_negative_eigs minfileid param_mayer_scaling ts_cnt_max param_vacuum_axis maxfileid omega_grid_w param_dipole_low_dim_cutoff ts_aid param_ts_cutoff_radius measure_time eigensolver param_k_grid_shift param_ts_energy_accuracy omega_grid bohr param_rpa_order_max param_ewald_rec_cutoff_scaling n_timestamps param_ewald_real_cutoff_scaling n_tasks param_mbd_nbody_max timestamps ts_rate ts_counts
getarrdims:warning: assumed shape array, using 0 instead of ':'
getarrdims:warning: assumed shape array, using 0 instead of ':'
		Creating wrapper for Fortran function "get_ts_energy"("get_ts_energy")...
			Constructing wrapper function "mbd_scalapack.get_ts_energy"...
			  ene = get_ts_energy(mode,version,xyz,c6,alpha_0,[r_vdw,s_r,d,overlap,damping_custom,unit_cell])
		Creating wrapper for Fortran subroutine "add_dipole_matrix"("add_dipole_matrix")...
			Constructing wrapper function "mbd_scalapack.add_dipole_matrix"...
			  add_dipole_matrix(mode,version,xyz,[alpha,r_vdw,beta,a,overlap,c6,damping_custom,potential_custom,unit_cell,k_point,relay,relay_c])
		Creating wrapper for Fortran subroutine "add_ewald_dipole_parts"("add_ewald_dipole_parts")...
			Constructing wrapper function "mbd_scalapack.add_ewald_dipole_parts"...
			  add_ewald_dipole_parts(mode,xyz,unit_cell,alpha,[k_point,relay,relay_c])
			Constructing wrapper function "mbd_scalapack.init_grid"...
			  init_grid(n)
		Creating wrapper for Fortran function "test_frequency_grid"("test_frequency_grid")...
			Constructing wrapper function "mbd_scalapack.test_frequency_grid"...
			  error = test_frequency_grid()
			Constructing wrapper function "mbd_scalapack.get_omega_grid"...
			  x,w = get_omega_grid(n,l)
			Constructing wrapper function "mbd_scalapack.gauss_legendre"...
			  r,w = gauss_legendre(n)
			Constructing wrapper function "mbd_scalapack.destroy_grid"...
			  destroy_grid()
		Creating wrapper for Fortran function "run_scs"("run_scs")...
			Constructing wrapper function "mbd_scalapack.run_scs"...
			  alpha_scs = run_scs(mode,version,xyz,alpha,[r_vdw,beta,a,unit_cell])
		Creating wrapper for Fortran function "do_scs"("do_scs")...
			Constructing wrapper function "mbd_scalapack.do_scs"...
			  alpha_full = do_scs(mode,version,xyz,alpha,[r_vdw,beta,a,lam,unit_cell])
		Creating wrapper for Fortran function "do_scs_k_point"("do_scs_k_point")...
			Constructing wrapper function "mbd_scalapack.do_scs_k_point"...
			  alpha_full = do_scs_k_point(mode,version,xyz,alpha,k_point,[r_vdw,beta,a,lam,unit_cell])
		Creating wrapper for Fortran function "get_mbd_energy"("get_mbd_energy")...
			Constructing wrapper function "mbd_scalapack.get_mbd_energy"...
			  ene = get_mbd_energy(mode,version,xyz,alpha_0,omega,[supercell,k_grid,unit_cell,r_vdw,beta,a,overlap,c6,damping_custom,potential_custom])
		Creating wrapper for Fortran function "get_supercell_mbd_energy"("get_supercell_mbd_energy")...
			Constructing wrapper function "mbd_scalapack.get_supercell_mbd_energy"...
			  ene,rpa_orders = get_supercell_mbd_energy(mode,version,xyz,alpha_0,omega,unit_cell,supercell,[r_vdw,beta,a,c6])
		Creating wrapper for Fortran function "get_single_mbd_energy"("get_single_mbd_energy")...
			Constructing wrapper function "mbd_scalapack.get_single_mbd_energy"...
			  ene,mode_enes,modes = get_single_mbd_energy(mode,version,xyz,alpha_0,omega,[r_vdw,beta,a,overlap,c6,damping_custom,potential_custom,unit_cell])
		Creating wrapper for Fortran function "get_reciprocal_mbd_energy"("get_reciprocal_mbd_energy")...
			Constructing wrapper function "mbd_scalapack.get_reciprocal_mbd_energy"...
			  ene,mode_enes,modes,rpa_orders = get_reciprocal_mbd_energy(mode,version,xyz,alpha_0,omega,k_grid,unit_cell,[r_vdw,beta,a,overlap,c6,damping_custom,potential_custom])
		Creating wrapper for Fortran function "get_single_reciprocal_mbd_ene"("get_single_reciprocal_mbd_ene")...
			Constructing wrapper function "mbd_scalapack.get_single_reciprocal_mbd_ene"...
			  ene,mode_enes,modes = get_single_reciprocal_mbd_ene(mode,version,xyz,alpha_0,omega,k_point,unit_cell,[r_vdw,beta,a,overlap,c6,damping_custom,potential_custom])
		Creating wrapper for Fortran function "get_single_rpa_energy"("get_single_rpa_energy")...
			Constructing wrapper function "mbd_scalapack.get_single_rpa_energy"...
			  ene,rpa_orders = get_single_rpa_energy(mode,version,xyz,alpha,[r_vdw,beta,a,overlap,c6,damping_custom,potential_custom,unit_cell])
		Creating wrapper for Fortran function "get_single_reciprocal_rpa_ene"("get_single_reciprocal_rpa_ene")...
			Constructing wrapper function "mbd_scalapack.get_single_reciprocal_rpa_ene"...
			  ene,rpa_orders = get_single_reciprocal_rpa_ene(mode,version,xyz,alpha,k_point,unit_cell,[r_vdw,beta,a,overlap,c6,damping_custom,potential_custom])
		Creating wrapper for Fortran function "eval_mbd_nonint_density"("eval_mbd_nonint_density")...
			Constructing wrapper function "mbd_scalapack.eval_mbd_nonint_density"...
			  rho = eval_mbd_nonint_density(pts,xyz,charges,masses,omegas)
		Creating wrapper for Fortran function "eval_mbd_int_density"("eval_mbd_int_density")...
			Constructing wrapper function "mbd_scalapack.eval_mbd_int_density"...
			  rho = eval_mbd_int_density(pts,xyz,charges,masses,omegas,modes)
		Creating wrapper for Fortran function "eval_mbd_int_density_io"("eval_mbd_int_density_io")...
			Constructing wrapper function "mbd_scalapack.eval_mbd_int_density_io"...
			  rho = eval_mbd_int_density_io(gridpts,xyz,charges,masses,evals,fname_modes)
		Creating wrapper for Fortran function "eval_mbd_density_difference_io"("eval_mbd_density_difference_io")...
			Constructing wrapper function "mbd_scalapack.eval_mbd_density_difference_io"...
			  drho = eval_mbd_density_difference_io(gridpts,xyz,charges,masses,evals,omegas0,fname_modes)
		Creating wrapper for Fortran function "nbody_coeffs"("nbody_coeffs")...
			Constructing wrapper function "mbd_scalapack.nbody_coeffs"...
			  a = nbody_coeffs(k,m,n)
		Creating wrapper for Fortran subroutine "get_interaction_modes"("get_interaction_modes")...
			Constructing wrapper function "mbd_scalapack.get_interaction_modes"...
			  get_interaction_modes(mode,version,xyz,alpha_0,omega,r_vdw,beta,a,c6,indices_subsystem1,indices_subsystem2,ene_full,[unit_cell,k_grid,prefix_mbd_modes])
		Creating wrapper for Fortran subroutine "get_single_int_modes"("get_single_int_modes")...
			Constructing wrapper function "mbd_scalapack.get_single_int_modes"...
			  get_single_int_modes(mode,version,xyz,alpha_0,omega,r_vdw,beta,a,c6,indices_subsystem1,indices_subsystem2,fname_modes,ene_full,modes_int)
		Creating wrapper for Fortran subroutine "get_single_reciprocal_int_modes"("get_single_reciprocal_int_modes")...
			Constructing wrapper function "mbd_scalapack.get_single_reciprocal_int_modes"...
			  get_single_reciprocal_int_modes(mode,version,xyz,alpha_0,omega,r_vdw,beta,a,c6,unit_cell,k_point,indices_subsystem1,indices_subsystem2,fname_modes,ene_full,modes_int)
		Creating wrapper for Fortran subroutine "build_h_int"("build_h_int")...
			Constructing wrapper function "mbd_scalapack.build_h_int"...
			  build_h_int(mode,version,xyz,alpha,omega,r_vdw,beta,a,c6,indices_subsystem1,indices_subsystem2,[unit_cell,k_point,h_int,h_int_c])
		Creating wrapper for Fortran subroutine "add_ewald_h_int_parts"("add_ewald_h_int_parts")...
			Constructing wrapper function "mbd_scalapack.add_ewald_h_int_parts"...
			  add_ewald_h_int_parts(mode,xyz,unit_cell,alpha,indices_subsystem1,indices_subsystem2,[k_point,h_int,h_int_c])
		Creating wrapper for Fortran subroutine "get_onsite_modes"("get_onsite_modes")...
			Constructing wrapper function "mbd_scalapack.get_onsite_modes"...
			  get_onsite_modes(mode,version,xyz,alpha_0,omega,r_vdw,beta,a,c6,indices_subsystem1,indices_subsystem2,ene_full,[unit_cell,k_grid,prefix_mbd_modes])
		Creating wrapper for Fortran subroutine "get_single_on_modes"("get_single_on_modes")...
			Constructing wrapper function "mbd_scalapack.get_single_on_modes"...
			  get_single_on_modes(mode,version,xyz,alpha_0,omega,r_vdw,beta,a,c6,ene_full,indices_subsystem1,indices_subsystem2,fname_modes,modes_on)
		Creating wrapper for Fortran subroutine "get_single_reciprocal_on_modes"("get_single_reciprocal_on_modes")...
			Constructing wrapper function "mbd_scalapack.get_single_reciprocal_on_modes"...
			  get_single_reciprocal_on_modes(mode,version,xyz,alpha_0,omega,r_vdw,beta,a,c6,ene_full,unit_cell,k_point,indices_subsystem1,indices_subsystem2,fname_modes,modes_on)
		Creating wrapper for Fortran subroutine "read_mbd_modes"("read_mbd_modes")...
			Constructing wrapper function "mbd_scalapack.read_mbd_modes"...
			  read_mbd_modes(modes,filenam)
		Creating wrapper for Fortran subroutine "read_mbd_modes_reciprocal"("read_mbd_modes_reciprocal")...
			Constructing wrapper function "mbd_scalapack.read_mbd_modes_reciprocal"...
			  read_mbd_modes_reciprocal(modes,filenam)
		Creating wrapper for Fortran function "contract_polarizability"("contract_polarizability")...
			Constructing wrapper function "mbd_scalapack.contract_polarizability"...
			  alpha_n = contract_polarizability(alpha_3n_3n)
		Creating wrapper for Fortran subroutine "invert_ge_dble_"("invert_ge_dble_")...
			Constructing wrapper function "mbd_scalapack.invert_ge_dble_"...
			  invert_ge_dble_(a)
		Creating wrapper for Fortran subroutine "invert_ge_cmplx_"("invert_ge_cmplx_")...
			Constructing wrapper function "mbd_scalapack.invert_ge_cmplx_"...
			  invert_ge_cmplx_(a)
		Creating wrapper for Fortran function "inverted"("inverted")...
			Constructing wrapper function "mbd_scalapack.inverted"...
			  a_inv = inverted(a)
		Creating wrapper for Fortran subroutine "diagonalize_sym_dble_"("diagonalize_sym_dble_")...
			Constructing wrapper function "mbd_scalapack.diagonalize_sym_dble_"...
			  eigs = diagonalize_sym_dble_(mode,a)
		Creating wrapper for Fortran function "diagonalized_sym_dble_"("diagonalized_sym_dble_")...
			Constructing wrapper function "mbd_scalapack.diagonalized_sym_dble_"...
			  eigs,eigvecs = diagonalized_sym_dble_(a)
		Creating wrapper for Fortran subroutine "diagonalize_ge_dble_"("diagonalize_ge_dble_")...
			Constructing wrapper function "mbd_scalapack.diagonalize_ge_dble_"...
			  eigs = diagonalize_ge_dble_(mode,a)
		Creating wrapper for Fortran function "diagonalized_ge_dble_"("diagonalized_ge_dble_")...
			Constructing wrapper function "mbd_scalapack.diagonalized_ge_dble_"...
			  eigs,eigvecs = diagonalized_ge_dble_(a)
		Creating wrapper for Fortran subroutine "diagonalize_he_cmplx_"("diagonalize_he_cmplx_")...
			Constructing wrapper function "mbd_scalapack.diagonalize_he_cmplx_"...
			  eigs = diagonalize_he_cmplx_(mode,a)
		Creating wrapper for Fortran subroutine "diagonalize_ge_cmplx_"("diagonalize_ge_cmplx_")...
			Constructing wrapper function "mbd_scalapack.diagonalize_ge_cmplx_"...
			  eigs = diagonalize_ge_cmplx_(mode,a)
		Creating wrapper for Fortran function "get_ts_energy_lowmem"("get_ts_energy_lowmem")...
			Constructing wrapper function "mbd_scalapack.get_ts_energy_lowmem"...
			  ene = get_ts_energy_lowmem(mode,version,xyz,c6,alpha_0,[r_vdw,s_r,d,unit_cell])
		Creating wrapper for Fortran subroutine "add_dipole_matrix_s"("add_dipole_matrix_s")...
			Constructing wrapper function "mbd_scalapack.add_dipole_matrix_s"...
			  add_dipole_matrix_s(mode,version,xyz,row2glob,col2glob,do_cmplx,do_real,[alpha,r_vdw,beta,a,c6,unit_cell,k_point,relay,relay_c])
		Creating wrapper for Fortran subroutine "add_ewald_dipole_parts_s"("add_ewald_dipole_parts_s")...
			Constructing wrapper function "mbd_scalapack.add_ewald_dipole_parts_s"...
			  add_ewald_dipole_parts_s(mode,xyz,unit_cell,alpha,row2glob,col2glob,do_cmplx,do_real,[k_point,relay,relay_c])
		Creating wrapper for Fortran function "run_scs_s"("run_scs_s")...
			Constructing wrapper function "mbd_scalapack.run_scs_s"...
			  alpha_scs = run_scs_s(mode,version,xyz,alpha,[r_vdw,beta,a,unit_cell])
		Creating wrapper for Fortran function "do_scs_s"("do_scs_s")...
			Constructing wrapper function "mbd_scalapack.do_scs_s"...
			  alpha_scs_i = do_scs_s(mode,version,xyz,alpha,[r_vdw,beta,a,lam,unit_cell])
		Creating wrapper for Fortran function "get_mbd_energy_s"("get_mbd_energy_s")...
			Constructing wrapper function "mbd_scalapack.get_mbd_energy_s"...
			  ene = get_mbd_energy_s(mode,version,xyz,alpha_0,omega,[supercell,k_grid,unit_cell,r_vdw,beta,a,c6])
		Creating wrapper for Fortran function "get_supercell_mbd_energy_s"("get_supercell_mbd_energy_s")...
			Constructing wrapper function "mbd_scalapack.get_supercell_mbd_energy_s"...
			  ene = get_supercell_mbd_energy_s(mode,version,xyz,alpha_0,omega,unit_cell,supercell,[r_vdw,beta,a,c6])
		Creating wrapper for Fortran function "get_single_mbd_energy_s"("get_single_mbd_energy_s")...
			Constructing wrapper function "mbd_scalapack.get_single_mbd_energy_s"...
			  ene = get_single_mbd_energy_s(mode,version,xyz,alpha_0,omega,[r_vdw,beta,a,c6,unit_cell])
		Creating wrapper for Fortran function "get_reciprocal_mbd_energy_s"("get_reciprocal_mbd_energy_s")...
			Constructing wrapper function "mbd_scalapack.get_reciprocal_mbd_energy_s"...
			  ene = get_reciprocal_mbd_energy_s(mode,version,xyz,alpha_0,omega,k_grid,unit_cell,[r_vdw,beta,a,c6])
		Creating wrapper for Fortran function "get_single_reciprocal_mbd_ene_s"("get_single_reciprocal_mbd_ene_s")...
			Constructing wrapper function "mbd_scalapack.get_single_reciprocal_mbd_ene_s"...
			  ene = get_single_reciprocal_mbd_ene_s(mode,version,xyz,alpha_0,omega,k_point,unit_cell,[i_kpt,r_vdw,beta,a,c6])
		Creating wrapper for Fortran function "map_local2global"("map_local2global")...
			Constructing wrapper function "mbd_scalapack.map_local2global"...
			  idx_global = map_local2global(idx_local,npx,blocksize,my_px,px_start)
		Creating wrapper for Fortran subroutine "write_eigenenergies"("write_eigenenergies")...
			Constructing wrapper function "mbd_scalapack.write_eigenenergies"...
			  write_eigenenergies(eigenes,evals_fname,[k_point])
		Creating wrapper for Fortran function "get_fileid"("get_fileid")...
			Constructing wrapper function "mbd_scalapack.get_fileid"...
			  get_fileid = get_fileid()
		Creating wrapper for Fortran subroutine "pzwriteeigvec"("pzwriteeigvec")...
			Constructing wrapper function "mbd_scalapack.pzwriteeigvec"...
getarrdims:warning: assumed shape array, using 0 instead of '*'
			  pzwriteeigvec(filnam,m,n,a,ia,ja,desca,irwrit,icwrit,work,[kpoint])
		Creating wrapper for Fortran subroutine "pdwriteeigvec"("pdwriteeigvec")...
			Constructing wrapper function "mbd_scalapack.pdwriteeigvec"...
getarrdims:warning: assumed shape array, using 0 instead of '*'
			  pdwriteeigvec(filnam,m,n,a,ia,ja,desca,irwrit,icwrit,work)
		Creating wrapper for Fortran subroutine "zwriteeigvec"("zwriteeigvec")...
			Constructing wrapper function "mbd_scalapack.zwriteeigvec"...
			  zwriteeigvec(eigenvectors,filenam,[kpoint])
		Creating wrapper for Fortran subroutine "dwriteeigvec"("dwriteeigvec")...
			Constructing wrapper function "mbd_scalapack.dwriteeigvec"...
			  dwriteeigvec(eigenvectors,filenam)
			Constructing wrapper function "mbd_scalapack.exit_blacs_and_finalize"...
			  exit_blacs_and_finalize([continuation])
		Creating wrapper for Fortran function "t_bare"("t_bare")...
			Constructing wrapper function "mbd_scalapack.t_bare"...
			  t = t_bare(rxyz)
		Creating wrapper for Fortran function "b_erfc"("b_erfc")...
			Constructing wrapper function "mbd_scalapack.b_erfc"...
			  b = b_erfc(r,a)
		Creating wrapper for Fortran function "c_erfc"("c_erfc")...
			Constructing wrapper function "mbd_scalapack.c_erfc"...
			  c = c_erfc(r,a)
		Creating wrapper for Fortran function "t_erfc"("t_erfc")...
			Constructing wrapper function "mbd_scalapack.t_erfc"...
			  t = t_erfc(rxyz,alpha)
		Creating wrapper for Fortran function "damping_fermi"("damping_fermi")...
			Constructing wrapper function "mbd_scalapack.damping_fermi"...
			  f = damping_fermi(r,sigma,a)
		Creating wrapper for Fortran function "damping_erf"("damping_erf")...
			Constructing wrapper function "mbd_scalapack.damping_erf"...
			  f = damping_erf(r,sigma,a)
		Creating wrapper for Fortran function "damping_1mexp"("damping_1mexp")...
			Constructing wrapper function "mbd_scalapack.damping_1mexp"...
			  f = damping_1mexp(r,sigma,a)
		Creating wrapper for Fortran function "damping_overlap"("damping_overlap")...
			Constructing wrapper function "mbd_scalapack.damping_overlap"...
			  f = damping_overlap(r,overlap,c6,beta,a)
		Creating wrapper for Fortran function "t_overlap_coulomb"("t_overlap_coulomb")...
			Constructing wrapper function "mbd_scalapack.t_overlap_coulomb"...
			  t = t_overlap_coulomb(rxyz,overlap,c6,beta,a)
		Creating wrapper for Fortran function "t_fermi_coulomb"("t_fermi_coulomb")...
			Constructing wrapper function "mbd_scalapack.t_fermi_coulomb"...
			  t = t_fermi_coulomb(rxyz,sigma,a)
		Creating wrapper for Fortran function "t_erf_coulomb"("t_erf_coulomb")...
			Constructing wrapper function "mbd_scalapack.t_erf_coulomb"...
			  t = t_erf_coulomb(rxyz,sigma,a)
		Creating wrapper for Fortran function "t_1mexp_coulomb"("t_1mexp_coulomb")...
			Constructing wrapper function "mbd_scalapack.t_1mexp_coulomb"...
			  t = t_1mexp_coulomb(rxyz,sigma,a)
			Constructing wrapper function "mbd_scalapack.get_damping_parameters"...
			  ts_d,ts_s_r,mbd_scs_a,mbd_ts_a,mbd_ts_erf_beta,mbd_ts_fermi_beta,mbd_rsscs_a,mbd_rsscs_beta = get_damping_parameters(xc)
		Creating wrapper for Fortran function "terf"("terf")...
			Constructing wrapper function "mbd_scalapack.terf"...
			  terf = terf(r,r0,a)
		Creating wrapper for Fortran function "alpha_dynamic_ts_all"("alpha_dynamic_ts_all")...
			Constructing wrapper function "mbd_scalapack.alpha_dynamic_ts_all"...
			  alpha_dyn = alpha_dynamic_ts_all(mode,n,alpha_0,[c6,omega])
		Creating wrapper for Fortran function "alpha_dynamic_ts"("alpha_dynamic_ts")...
			Constructing wrapper function "mbd_scalapack.alpha_dynamic_ts"...
			  alpha = alpha_dynamic_ts(mode,alpha_0,u,[c6,omega])
		Creating wrapper for Fortran function "alpha_osc"("alpha_osc")...
			Constructing wrapper function "mbd_scalapack.alpha_osc"...
			  alpha = alpha_osc(alpha_0,omega,u)
		Creating wrapper for Fortran function "combine_c6"("combine_c6")...
			Constructing wrapper function "mbd_scalapack.combine_c6"...
			  c6_ij = combine_c6(c6_i,c6_j,alpha_0_i,alpha_0_j)
		Creating wrapper for Fortran function "v_to_r"("v_to_r")...
			Constructing wrapper function "mbd_scalapack.v_to_r"...
			  r = v_to_r(v)
		Creating wrapper for Fortran function "omega_eff"("omega_eff")...
			Constructing wrapper function "mbd_scalapack.omega_eff"...
			  omega = omega_eff(c6,alpha)
		Creating wrapper for Fortran function "get_sigma_selfint"("get_sigma_selfint")...
			Constructing wrapper function "mbd_scalapack.get_sigma_selfint"...
			  sigma = get_sigma_selfint(alpha)
		Creating wrapper for Fortran function "get_c6_from_alpha"("get_c6_from_alpha")...
			Constructing wrapper function "mbd_scalapack.get_c6_from_alpha"...
			  c6 = get_c6_from_alpha(alpha)
		Creating wrapper for Fortran function "get_total_c6_from_alpha"("get_total_c6_from_alpha")...
			Constructing wrapper function "mbd_scalapack.get_total_c6_from_alpha"...
			  c6 = get_total_c6_from_alpha(alpha)
		Creating wrapper for Fortran function "supercell_circum"("supercell_circum")...
			Constructing wrapper function "mbd_scalapack.supercell_circum"...
			  sc = supercell_circum(uc,radius)
			Constructing wrapper function "mbd_scalapack.shift_cell"...
			  shift_cell(ijk,first_cell,last_cell)
		Creating wrapper for Fortran function "make_g_grid"("make_g_grid")...
			Constructing wrapper function "mbd_scalapack.make_g_grid"...
			  g_grid = make_g_grid(n1,n2,n3)
		Creating wrapper for Fortran function "make_k_grid"("make_k_grid")...
			Constructing wrapper function "mbd_scalapack.make_k_grid"...
			  k_grid = make_k_grid(g_grid,uc)
		Creating wrapper for Fortran function "cart_prod_"("cart_prod_")...
			Constructing wrapper function "mbd_scalapack.cart_prod_"...
			  c = cart_prod_(a,b)
		Creating wrapper for Fortran function "get_diag_"("get_diag_")...
			Constructing wrapper function "mbd_scalapack.get_diag_"...
			  d = get_diag_(a)
		Creating wrapper for Fortran function "get_diag_cmplx_"("get_diag_cmplx_")...
			Constructing wrapper function "mbd_scalapack.get_diag_cmplx_"...
			  d = get_diag_cmplx_(a)
		Creating wrapper for Fortran function "make_diag_"("make_diag_")...
			Constructing wrapper function "mbd_scalapack.make_diag_"...
			  a = make_diag_(d)
		Creating wrapper for Fortran function "solve_lin_sys"("solve_lin_sys")...
			Constructing wrapper function "mbd_scalapack.solve_lin_sys"...
			  x = solve_lin_sys(a,b)
		Creating wrapper for Fortran function "eye"("eye")...
			Constructing wrapper function "mbd_scalapack.eye"...
			  a = eye(n)
		Creating wrapper for Fortran function "tostr_int_"("tostr_int_")...
			Constructing wrapper function "mbd_scalapack.tostr_int_"...
			  tostr_int_ = tostr_int_(k,[format])
		Creating wrapper for Fortran function "tostr_dble_"("tostr_dble_")...
			Constructing wrapper function "mbd_scalapack.tostr_dble_"...
			  tostr_dble_ = tostr_dble_(x,[format])
			Constructing wrapper function "mbd_scalapack.ts"...
			  ts(id,[always])
		Creating wrapper for Fortran function "clock_rate"("clock_rate")...
			Constructing wrapper function "mbd_scalapack.clock_rate"...
			  rate = clock_rate()
	Wrote C/API module "mbd_scalapack" to file "build/src.linux-x86_64-2.7/mbd_scalapackmodule.c"
	Fortran 90 wrappers are saved to "build/src.linux-x86_64-2.7/mbd_scalapack-f2pywrappers2.f90"
  adding 'build/src.linux-x86_64-2.7/fortranobject.c' to sources.
  adding 'build/src.linux-x86_64-2.7' to include_dirs.
copying /home/users/mstoehr/bin/numpy-1.11.2/numpy_haswell/lib/python2.7/site-packages/numpy-1.11.2-py2.7-linux-x86_64.egg/numpy/f2py/src/fortranobject.c -> build/src.linux-x86_64-2.7
copying /home/users/mstoehr/bin/numpy-1.11.2/numpy_haswell/lib/python2.7/site-packages/numpy-1.11.2-py2.7-linux-x86_64.egg/numpy/f2py/src/fortranobject.h -> build/src.linux-x86_64-2.7
  adding 'build/src.linux-x86_64-2.7/mbd_scalapack-f2pywrappers2.f90' to sources.
build_src: building npy-pkg config files
running build_ext
customize IntelEM64TCCompiler
customize IntelEM64TCCompiler using build_ext
customize IntelEM64TFCompiler
Found executable /mnt/gaiagpfs/apps/resif/devel/v1.1-20150414/core/software/mpi/impi/5.0.3.048-iccifort-2015.3.187/intel64/bin/mpiifort
Found executable /opt/apps/resif/devel/v1.1-20150414/core/software/compiler/ifort/2015.3.187/bin/ifort
customize IntelEM64TFCompiler using build_ext
building 'mbd_scalapack' extension
compiling C sources
C compiler: icc -O3 -g -fPIC -fp-model strict -fomit-frame-pointer -qopenmp -xhost

creating build/build
creating build/build/src.linux-x86_64-2.7
compile options: '-Ibuild/src.linux-x86_64-2.7 -I/home/users/mstoehr/bin/numpy-1.11.2/numpy_haswell/lib/python2.7/site-packages/numpy-1.11.2-py2.7-linux-x86_64.egg/numpy/core/include -I/opt/apps/resif/devel/v1.1-20150414/core/software/lang/Python/2.7.10-ictce-7.3.5/include/python2.7 -c'
icc: build/src.linux-x86_64-2.7/mbd_scalapackmodule.c
In file included from /home/users/mstoehr/bin/numpy-1.11.2/numpy_haswell/lib/python2.7/site-packages/numpy-1.11.2-py2.7-linux-x86_64.egg/numpy/core/include/numpy/ndarraytypes.h(1777),
                 from /home/users/mstoehr/bin/numpy-1.11.2/numpy_haswell/lib/python2.7/site-packages/numpy-1.11.2-py2.7-linux-x86_64.egg/numpy/core/include/numpy/ndarrayobject.h(18),
                 from /home/users/mstoehr/bin/numpy-1.11.2/numpy_haswell/lib/python2.7/site-packages/numpy-1.11.2-py2.7-linux-x86_64.egg/numpy/core/include/numpy/arrayobject.h(4),
                 from build/src.linux-x86_64-2.7/fortranobject.h(13),
                 from build/src.linux-x86_64-2.7/mbd_scalapackmodule.c(19):
/home/users/mstoehr/bin/numpy-1.11.2/numpy_haswell/lib/python2.7/site-packages/numpy-1.11.2-py2.7-linux-x86_64.egg/numpy/core/include/numpy/npy_1_7_deprecated_api.h(15): warning #1224: #warning directive: "Using deprecated NumPy API, disable it by "          "#defining NPY_NO_DEPRECATED_API NPY_1_7_API_VERSION"
  #warning "Using deprecated NumPy API, disable it by " \
   ^

build/src.linux-x86_64-2.7/mbd_scalapackmodule.c(17044): warning #556: a value of type "void (*)(int *, int *, void (*)(char *, int *), int *)" cannot be assigned to an entity of type "f2py_init_func"
    f2py_mbd_scalapack_def[i_f2py++].func = omega_grid_w;
                                          ^

build/src.linux-x86_64-2.7/mbd_scalapackmodule.c(17052): warning #556: a value of type "void (*)(int *, int *, void (*)(char *, int *), int *)" cannot be assigned to an entity of type "f2py_init_func"
    f2py_mbd_scalapack_def[i_f2py++].func = omega_grid;
                                          ^

icc: build/src.linux-x86_64-2.7/fortranobject.c
In file included from /home/users/mstoehr/bin/numpy-1.11.2/numpy_haswell/lib/python2.7/site-packages/numpy-1.11.2-py2.7-linux-x86_64.egg/numpy/core/include/numpy/ndarraytypes.h(1777),
                 from /home/users/mstoehr/bin/numpy-1.11.2/numpy_haswell/lib/python2.7/site-packages/numpy-1.11.2-py2.7-linux-x86_64.egg/numpy/core/include/numpy/ndarrayobject.h(18),
                 from /home/users/mstoehr/bin/numpy-1.11.2/numpy_haswell/lib/python2.7/site-packages/numpy-1.11.2-py2.7-linux-x86_64.egg/numpy/core/include/numpy/arrayobject.h(4),
                 from build/src.linux-x86_64-2.7/fortranobject.h(13),
                 from build/src.linux-x86_64-2.7/fortranobject.c(2):
/home/users/mstoehr/bin/numpy-1.11.2/numpy_haswell/lib/python2.7/site-packages/numpy-1.11.2-py2.7-linux-x86_64.egg/numpy/core/include/numpy/npy_1_7_deprecated_api.h(15): warning #1224: #warning directive: "Using deprecated NumPy API, disable it by "          "#defining NPY_NO_DEPRECATED_API NPY_1_7_API_VERSION"
  #warning "Using deprecated NumPy API, disable it by " \
   ^

compiling Fortran 90 module sources
Fortran f77 compiler: /mnt/gaiagpfs/apps/resif/devel/v1.1-20150414/core/software/mpi/impi/5.0.3.048-iccifort-2015.3.187/intel64/bin/mpiifort -FI -O3 -g -xhost -qopenmp -fp-model strict -fPIC
Fortran f90 compiler: /mnt/gaiagpfs/apps/resif/devel/v1.1-20150414/core/software/mpi/impi/5.0.3.048-iccifort-2015.3.187/intel64/bin/mpiifort -FR -O3 -O3 -g -xhost -qopenmp -fp-model strict -fPIC
Fortran fix compiler: /mnt/gaiagpfs/apps/resif/devel/v1.1-20150414/core/software/mpi/impi/5.0.3.048-iccifort-2015.3.187/intel64/bin/mpiifort -FI -O3 -O3 -g -xhost -qopenmp -fp-model strict -fPIC
compile options: '-Ibuild/src.linux-x86_64-2.7 -I/home/users/mstoehr/bin/numpy-1.11.2/numpy_haswell/lib/python2.7/site-packages/numpy-1.11.2-py2.7-linux-x86_64.egg/numpy/core/include -I/opt/apps/resif/devel/v1.1-20150414/core/software/lang/Python/2.7.10-ictce-7.3.5/include/python2.7 -c'
extra options: '-module build/ -Ibuild/'
mpiifort:f90: mbd_scalapack.f90
compiling Fortran sources
Fortran f77 compiler: /mnt/gaiagpfs/apps/resif/devel/v1.1-20150414/core/software/mpi/impi/5.0.3.048-iccifort-2015.3.187/intel64/bin/mpiifort -FI -O3 -g -xhost -qopenmp -fp-model strict -fPIC
Fortran f90 compiler: /mnt/gaiagpfs/apps/resif/devel/v1.1-20150414/core/software/mpi/impi/5.0.3.048-iccifort-2015.3.187/intel64/bin/mpiifort -FR -O3 -O3 -g -xhost -qopenmp -fp-model strict -fPIC
Fortran fix compiler: /mnt/gaiagpfs/apps/resif/devel/v1.1-20150414/core/software/mpi/impi/5.0.3.048-iccifort-2015.3.187/intel64/bin/mpiifort -FI -O3 -O3 -g -xhost -qopenmp -fp-model strict -fPIC
compile options: '-Ibuild/src.linux-x86_64-2.7 -I/home/users/mstoehr/bin/numpy-1.11.2/numpy_haswell/lib/python2.7/site-packages/numpy-1.11.2-py2.7-linux-x86_64.egg/numpy/core/include -I/opt/apps/resif/devel/v1.1-20150414/core/software/lang/Python/2.7.10-ictce-7.3.5/include/python2.7 -c'
extra options: '-module build/ -Ibuild/'
mpiifort:f90: build/src.linux-x86_64-2.7/mbd_scalapack-f2pywrappers2.f90
/mnt/gaiagpfs/apps/resif/devel/v1.1-20150414/core/software/mpi/impi/5.0.3.048-iccifort-2015.3.187/intel64/bin/mpiifort -shared -shared -nofor_main build/build/src.linux-x86_64-2.7/mbd_scalapackmodule.o build/build/src.linux-x86_64-2.7/fortranobject.o build/mbd_scalapack.o build/build/src.linux-x86_64-2.7/mbd_scalapack-f2pywrappers2.o build/mbd_interface.o build/mbd_helper.o -L/opt/apps/resif/devel/v1.1-20150414/core/software/numlib/imkl/11.2.3.187-iimpi-7.3.5/mkl/lib/intel64 -L/opt/apps/resif/devel/v1.1-20150414/core/software/lang/Python/2.7.10-ictce-7.3.5/lib -lmkl_scalapack_lp64 -lmkl_rt -lmkl_blacs_intelmpi_lp64 -liomp5 -lpthread -lm -ldl -lpython2.7 -o ./mbd_scalapack.so
rsync -a build/*.mod .
